Release 14.7 Map P.20131013 (nt)
Xilinx Mapping Report File for Design 'PushBox_Control'

Design Information
------------------
Command Line   : map -intstyle ise -p xc3s200-ft256-5 -cm area -ir off -pr off
-c 100 -o PushBox_Control_map.ncd PushBox_Control.ngd PushBox_Control.pcf 
Target Device  : xc3s200
Target Package : ft256
Target Speed   : -5
Mapper Version : spartan3 -- $Revision: 1.55 $
Mapped Date    : Tue Jan 12 15:34:50 2016

Design Summary
--------------
Number of errors:      0
Number of warnings:   28
Logic Utilization:
  Number of Slice Flip Flops:           373 out of   3,840    9%
  Number of 4 input LUTs:               993 out of   3,840   25%
Logic Distribution:
  Number of occupied Slices:            621 out of   1,920   32%
    Number of Slices containing only related logic:     621 out of     621 100%
    Number of Slices containing unrelated logic:          0 out of     621   0%
      *See NOTES below for an explanation of the effects of unrelated logic.
  Total Number of 4 input LUTs:       1,097 out of   3,840   28%
    Number used as logic:               993
    Number used as a route-thru:        104

  The Slice Logic Distribution report is not meaningful if the design is
  over-mapped for a non-slice resource or if Placement fails.

  Number of bonded IOBs:                 21 out of     173   12%
  Number of RAMB16s:                     12 out of      12  100%
  Number of MULT18X18s:                   4 out of      12   33%
  Number of BUFGMUXs:                     2 out of       8   25%

Average Fanout of Non-Clock Nets:                3.58

Peak Memory Usage:  206 MB
Total REAL time to MAP completion:  3 secs 
Total CPU time to MAP completion:   3 secs 

NOTES:

   Related logic is defined as being logic that shares connectivity - e.g. two
   LUTs are "related" if they share common inputs.  When assembling slices,
   Map gives priority to combine logic that is related.  Doing so results in
   the best timing performance.

   Unrelated logic shares no connectivity.  Map will only begin packing
   unrelated logic into a slice once 99% of the slices are occupied through
   related logic packing.

   Note that once logic distribution reaches the 99% level through related
   logic packing, this does not mean the device is completely utilized.
   Unrelated logic packing will then begin, continuing until all usable LUTs
   and FFs are occupied.  Depending on your timing budget, increased levels of
   unrelated logic packing may adversely affect the overall timing performance
   of your design.

Table of Contents
-----------------
Section 1 - Errors
Section 2 - Warnings
Section 3 - Informational
Section 4 - Removed Logic Summary
Section 5 - Removed Logic
Section 6 - IOB Properties
Section 7 - RPMs
Section 8 - Guide Report
Section 9 - Area Group and Partition Summary
Section 10 - Timing Report
Section 11 - Configuration String Information
Section 12 - Control Set Information
Section 13 - Utilization by Hierarchy

Section 1 - Errors
------------------

Section 2 - Warnings
--------------------
WARNING:PhysDesignRules:812 - Dangling pin <DOA1> on
   block:<VGA_Top/RAM2/U0/xst_blk_mem_generator/gnativebmg.native_blk_mem_gen/va
   lid.cstr/ramloop[0].ram.r/s3_init.ram/dpram.dp36x36.ram.A>:<RAMB16_RAMB16A>.
WARNING:PhysDesignRules:812 - Dangling pin <DOA2> on
   block:<VGA_Top/RAM2/U0/xst_blk_mem_generator/gnativebmg.native_blk_mem_gen/va
   lid.cstr/ramloop[0].ram.r/s3_init.ram/dpram.dp36x36.ram.A>:<RAMB16_RAMB16A>.
WARNING:PhysDesignRules:812 - Dangling pin <DOA3> on
   block:<VGA_Top/RAM2/U0/xst_blk_mem_generator/gnativebmg.native_blk_mem_gen/va
   lid.cstr/ramloop[0].ram.r/s3_init.ram/dpram.dp36x36.ram.A>:<RAMB16_RAMB16A>.
WARNING:PhysDesignRules:812 - Dangling pin <DOA4> on
   block:<VGA_Top/RAM2/U0/xst_blk_mem_generator/gnativebmg.native_blk_mem_gen/va
   lid.cstr/ramloop[0].ram.r/s3_init.ram/dpram.dp36x36.ram.A>:<RAMB16_RAMB16A>.
WARNING:PhysDesignRules:812 - Dangling pin <DOA5> on
   block:<VGA_Top/RAM2/U0/xst_blk_mem_generator/gnativebmg.native_blk_mem_gen/va
   lid.cstr/ramloop[0].ram.r/s3_init.ram/dpram.dp36x36.ram.A>:<RAMB16_RAMB16A>.
WARNING:PhysDesignRules:812 - Dangling pin <DOA6> on
   block:<VGA_Top/RAM2/U0/xst_blk_mem_generator/gnativebmg.native_blk_mem_gen/va
   lid.cstr/ramloop[0].ram.r/s3_init.ram/dpram.dp36x36.ram.A>:<RAMB16_RAMB16A>.
WARNING:PhysDesignRules:812 - Dangling pin <DOA7> on
   block:<VGA_Top/RAM2/U0/xst_blk_mem_generator/gnativebmg.native_blk_mem_gen/va
   lid.cstr/ramloop[0].ram.r/s3_init.ram/dpram.dp36x36.ram.A>:<RAMB16_RAMB16A>.
WARNING:PhysDesignRules:812 - Dangling pin <DOA9> on
   block:<VGA_Top/RAM2/U0/xst_blk_mem_generator/gnativebmg.native_blk_mem_gen/va
   lid.cstr/ramloop[0].ram.r/s3_init.ram/dpram.dp36x36.ram.A>:<RAMB16_RAMB16A>.
WARNING:PhysDesignRules:812 - Dangling pin <DOA10> on
   block:<VGA_Top/RAM2/U0/xst_blk_mem_generator/gnativebmg.native_blk_mem_gen/va
   lid.cstr/ramloop[0].ram.r/s3_init.ram/dpram.dp36x36.ram.A>:<RAMB16_RAMB16A>.
WARNING:PhysDesignRules:812 - Dangling pin <DOA11> on
   block:<VGA_Top/RAM2/U0/xst_blk_mem_generator/gnativebmg.native_blk_mem_gen/va
   lid.cstr/ramloop[0].ram.r/s3_init.ram/dpram.dp36x36.ram.A>:<RAMB16_RAMB16A>.
WARNING:PhysDesignRules:812 - Dangling pin <DOA12> on
   block:<VGA_Top/RAM2/U0/xst_blk_mem_generator/gnativebmg.native_blk_mem_gen/va
   lid.cstr/ramloop[0].ram.r/s3_init.ram/dpram.dp36x36.ram.A>:<RAMB16_RAMB16A>.
WARNING:PhysDesignRules:812 - Dangling pin <DOA13> on
   block:<VGA_Top/RAM2/U0/xst_blk_mem_generator/gnativebmg.native_blk_mem_gen/va
   lid.cstr/ramloop[0].ram.r/s3_init.ram/dpram.dp36x36.ram.A>:<RAMB16_RAMB16A>.
WARNING:PhysDesignRules:812 - Dangling pin <DOA14> on
   block:<VGA_Top/RAM2/U0/xst_blk_mem_generator/gnativebmg.native_blk_mem_gen/va
   lid.cstr/ramloop[0].ram.r/s3_init.ram/dpram.dp36x36.ram.A>:<RAMB16_RAMB16A>.
WARNING:PhysDesignRules:812 - Dangling pin <DOA15> on
   block:<VGA_Top/RAM2/U0/xst_blk_mem_generator/gnativebmg.native_blk_mem_gen/va
   lid.cstr/ramloop[0].ram.r/s3_init.ram/dpram.dp36x36.ram.A>:<RAMB16_RAMB16A>.
WARNING:PhysDesignRules:812 - Dangling pin <DOA17> on
   block:<VGA_Top/RAM2/U0/xst_blk_mem_generator/gnativebmg.native_blk_mem_gen/va
   lid.cstr/ramloop[0].ram.r/s3_init.ram/dpram.dp36x36.ram.A>:<RAMB16_RAMB16A>.
WARNING:PhysDesignRules:812 - Dangling pin <DOA18> on
   block:<VGA_Top/RAM2/U0/xst_blk_mem_generator/gnativebmg.native_blk_mem_gen/va
   lid.cstr/ramloop[0].ram.r/s3_init.ram/dpram.dp36x36.ram.A>:<RAMB16_RAMB16A>.
WARNING:PhysDesignRules:812 - Dangling pin <DOA19> on
   block:<VGA_Top/RAM2/U0/xst_blk_mem_generator/gnativebmg.native_blk_mem_gen/va
   lid.cstr/ramloop[0].ram.r/s3_init.ram/dpram.dp36x36.ram.A>:<RAMB16_RAMB16A>.
WARNING:PhysDesignRules:812 - Dangling pin <DOA20> on
   block:<VGA_Top/RAM2/U0/xst_blk_mem_generator/gnativebmg.native_blk_mem_gen/va
   lid.cstr/ramloop[0].ram.r/s3_init.ram/dpram.dp36x36.ram.A>:<RAMB16_RAMB16A>.
WARNING:PhysDesignRules:812 - Dangling pin <DOA21> on
   block:<VGA_Top/RAM2/U0/xst_blk_mem_generator/gnativebmg.native_blk_mem_gen/va
   lid.cstr/ramloop[0].ram.r/s3_init.ram/dpram.dp36x36.ram.A>:<RAMB16_RAMB16A>.
WARNING:PhysDesignRules:812 - Dangling pin <DOA22> on
   block:<VGA_Top/RAM2/U0/xst_blk_mem_generator/gnativebmg.native_blk_mem_gen/va
   lid.cstr/ramloop[0].ram.r/s3_init.ram/dpram.dp36x36.ram.A>:<RAMB16_RAMB16A>.
WARNING:PhysDesignRules:812 - Dangling pin <DOA23> on
   block:<VGA_Top/RAM2/U0/xst_blk_mem_generator/gnativebmg.native_blk_mem_gen/va
   lid.cstr/ramloop[0].ram.r/s3_init.ram/dpram.dp36x36.ram.A>:<RAMB16_RAMB16A>.
WARNING:PhysDesignRules:812 - Dangling pin <DOA25> on
   block:<VGA_Top/RAM2/U0/xst_blk_mem_generator/gnativebmg.native_blk_mem_gen/va
   lid.cstr/ramloop[0].ram.r/s3_init.ram/dpram.dp36x36.ram.A>:<RAMB16_RAMB16A>.
WARNING:PhysDesignRules:812 - Dangling pin <DOA26> on
   block:<VGA_Top/RAM2/U0/xst_blk_mem_generator/gnativebmg.native_blk_mem_gen/va
   lid.cstr/ramloop[0].ram.r/s3_init.ram/dpram.dp36x36.ram.A>:<RAMB16_RAMB16A>.
WARNING:PhysDesignRules:812 - Dangling pin <DOA27> on
   block:<VGA_Top/RAM2/U0/xst_blk_mem_generator/gnativebmg.native_blk_mem_gen/va
   lid.cstr/ramloop[0].ram.r/s3_init.ram/dpram.dp36x36.ram.A>:<RAMB16_RAMB16A>.
WARNING:PhysDesignRules:812 - Dangling pin <DOA28> on
   block:<VGA_Top/RAM2/U0/xst_blk_mem_generator/gnativebmg.native_blk_mem_gen/va
   lid.cstr/ramloop[0].ram.r/s3_init.ram/dpram.dp36x36.ram.A>:<RAMB16_RAMB16A>.
WARNING:PhysDesignRules:812 - Dangling pin <DOA29> on
   block:<VGA_Top/RAM2/U0/xst_blk_mem_generator/gnativebmg.native_blk_mem_gen/va
   lid.cstr/ramloop[0].ram.r/s3_init.ram/dpram.dp36x36.ram.A>:<RAMB16_RAMB16A>.
WARNING:PhysDesignRules:812 - Dangling pin <DOA30> on
   block:<VGA_Top/RAM2/U0/xst_blk_mem_generator/gnativebmg.native_blk_mem_gen/va
   lid.cstr/ramloop[0].ram.r/s3_init.ram/dpram.dp36x36.ram.A>:<RAMB16_RAMB16A>.
WARNING:PhysDesignRules:812 - Dangling pin <DOA31> on
   block:<VGA_Top/RAM2/U0/xst_blk_mem_generator/gnativebmg.native_blk_mem_gen/va
   lid.cstr/ramloop[0].ram.r/s3_init.ram/dpram.dp36x36.ram.A>:<RAMB16_RAMB16A>.

Section 3 - Informational
-------------------------
INFO:MapLib:562 - No environment variables are currently set.
INFO:LIT:244 - All of the single ended outputs in this design are using slew
   rate limited output drivers. The delay on speed critical single ended outputs
   can be dramatically reduced by designating them as fast outputs.

Section 4 - Removed Logic Summary
---------------------------------
  10 block(s) removed
  32 block(s) optimized away
  10 signal(s) removed

Section 5 - Removed Logic
-------------------------

The trimmed logic report below shows the logic removed from your design due to
sourceless or loadless signals, and VCC or ground connections.  If the removal
of a signal or symbol results in the subsequent removal of an additional signal
or symbol, the message explaining that second removal will be indented.  This
indentation will be repeated as a chain of related logic is removed.

To quickly locate the original cause for the removal of a chain of logic, look
above the place where that logic is listed in the trimming report, then locate
the lines that are least indented (begin at the leftmost edge).

Loadless block "Seg1/XLXI_2/XLXI_2/XLXI_11" (OR) removed.
 The signal "Seg1/XLXI_2/XLXI_2/XLXN_12" is loadless and has been removed.
  Loadless block "Seg1/XLXI_2/XLXI_2/XLXI_10" (AND) removed.
 The signal "Seg1/XLXI_2/XLXI_2/XLXN_11" is loadless and has been removed.
  Loadless block "Seg1/XLXI_2/XLXI_2/XLXI_9" (AND) removed.
 The signal "Seg1/XLXI_2/XLXI_2/XLXN_10" is loadless and has been removed.
  Loadless block "Seg1/XLXI_2/XLXI_2/XLXI_8" (AND) removed.
 The signal "Seg1/XLXI_2/XLXI_2/XLXN_9" is loadless and has been removed.
  Loadless block "Seg1/XLXI_2/XLXI_2/XLXI_7" (AND) removed.
Loadless block "Seg1/XLXI_2/XLXI_2/XLXI_17" (OR) removed.
 The signal "Seg1/XLXI_2/XLXI_2/XLXN_24" is loadless and has been removed.
  Loadless block "Seg1/XLXI_2/XLXI_2/XLXI_21" (AND) removed.
 The signal "Seg1/XLXI_2/XLXI_2/XLXN_26" is loadless and has been removed.
  Loadless block "Seg1/XLXI_2/XLXI_2/XLXI_20" (AND) removed.
 The signal "Seg1/XLXI_2/XLXI_2/XLXN_23" is loadless and has been removed.
  Loadless block "Seg1/XLXI_2/XLXI_2/XLXI_19" (AND) removed.
 The signal "Seg1/XLXI_2/XLXI_2/XLXN_22" is loadless and has been removed.
  Loadless block "Seg1/XLXI_2/XLXI_2/XLXI_18" (AND) removed.
The signal "GRAM_1/LM1/N0" is sourceless and has been removed.
The signal "VGA_Top/ROM2/N0" is sourceless and has been removed.

Optimized Block(s):
TYPE 		BLOCK
GND 		GRAM_1/LM1/XST_GND
VCC 		GRAM_1/LM1/XST_VCC
INV 		Seg1/XLXI_1/XLXI_49
OR4 		Seg1/XLXI_2/XLXI_2/XLXI_22
AND2 		Seg1/XLXI_2/XLXI_2/XLXI_23
AND2 		Seg1/XLXI_2/XLXI_2/XLXI_24
AND2 		Seg1/XLXI_2/XLXI_2/XLXI_25
AND2 		Seg1/XLXI_2/XLXI_2/XLXI_26
AND2 		Seg1/XLXI_2/XLXI_3/XLXI_19
AND2 		Seg1/XLXI_2/XLXI_3/XLXI_25
AND2 		Seg1/XLXI_2/XLXI_3/XLXI_31
AND2 		Seg1/XLXI_2/XLXI_3/XLXI_7
VCC 		Seg1/XLXI_2/XLXI_4
GND 		Seg1/XLXI_2/XLXI_5
BUF 		Seg1/XLXI_2/XLXI_7
GND 		VGA_Top/RAM1/XST_GND
VCC 		VGA_Top/RAM1/XST_VCC
GND 		VGA_Top/RAM2/XST_GND
VCC 		VGA_Top/RAM2/XST_VCC
GND 		VGA_Top/ROM1/XST_GND
VCC 		VGA_Top/ROM1/XST_VCC
GND 		VGA_Top/ROM2/XST_GND
VCC 		VGA_Top/ROM2/XST_VCC
OR4 		Seg1/XLXI_2/XLXI_2/XLXI_27
AND2 		Seg1/XLXI_2/XLXI_2/XLXI_28
AND2 		Seg1/XLXI_2/XLXI_2/XLXI_3
AND2 		Seg1/XLXI_2/XLXI_2/XLXI_29
AND2 		Seg1/XLXI_2/XLXI_2/XLXI_4
AND2 		Seg1/XLXI_2/XLXI_2/XLXI_30
AND2 		Seg1/XLXI_2/XLXI_2/XLXI_5
AND2 		Seg1/XLXI_2/XLXI_2/XLXI_31
AND2 		Seg1/XLXI_2/XLXI_2/XLXI_6

To enable printing of redundant blocks removed and signals merged, set the
detailed map report option and rerun map.

Section 6 - IOB Properties
--------------------------

+---------------------------------------------------------------------------------------------------------------------------------------------------------+
| IOB Name                           | Type             | Direction | IO Standard          | Diff  | Drive    | Slew | Reg (s)      | Resistor | IOB      |
|                                    |                  |           |                      | Term  | Strength | Rate |              |          | Delay    |
+---------------------------------------------------------------------------------------------------------------------------------------------------------+
| AN<0>                              | IOB              | OUTPUT    | LVCMOS25             |       | 12       | SLOW |              |          |          |
| AN<1>                              | IOB              | OUTPUT    | LVCMOS25             |       | 12       | SLOW |              |          |          |
| AN<2>                              | IOB              | OUTPUT    | LVCMOS25             |       | 12       | SLOW |              |          |          |
| AN<3>                              | IOB              | OUTPUT    | LVCMOS25             |       | 12       | SLOW |              |          |          |
| HS                                 | IOB              | OUTPUT    | LVCMOS25             |       | 12       | SLOW |              |          |          |
| SEGMENT<0>                         | IOB              | OUTPUT    | LVCMOS25             |       | 12       | SLOW |              |          |          |
| SEGMENT<1>                         | IOB              | OUTPUT    | LVCMOS25             |       | 12       | SLOW |              |          |          |
| SEGMENT<2>                         | IOB              | OUTPUT    | LVCMOS25             |       | 12       | SLOW |              |          |          |
| SEGMENT<3>                         | IOB              | OUTPUT    | LVCMOS25             |       | 12       | SLOW |              |          |          |
| SEGMENT<4>                         | IOB              | OUTPUT    | LVCMOS25             |       | 12       | SLOW |              |          |          |
| SEGMENT<5>                         | IOB              | OUTPUT    | LVCMOS25             |       | 12       | SLOW |              |          |          |
| SEGMENT<6>                         | IOB              | OUTPUT    | LVCMOS25             |       | 12       | SLOW |              |          |          |
| SEGMENT<7>                         | IOB              | OUTPUT    | LVCMOS25             |       | 12       | SLOW |              |          |          |
| VGA_B                              | IOB              | OUTPUT    | LVCMOS25             |       | 12       | SLOW |              |          |          |
| VGA_G                              | IOB              | OUTPUT    | LVCMOS25             |       | 12       | SLOW |              |          |          |
| VGA_R                              | IOB              | OUTPUT    | LVCMOS25             |       | 12       | SLOW |              |          |          |
| VS                                 | IOB              | OUTPUT    | LVCMOS25             |       | 12       | SLOW |              |          |          |
| clk                                | IOB              | INPUT     | LVCMOS25             |       |          |      |              |          |          |
| ps2_clk                            | IOB              | INPUT     | LVCMOS25             |       |          |      |              |          |          |
| ps2_data                           | IOB              | INPUT     | LVCMOS25             |       |          |      |              |          |          |
| rst                                | IOB              | INPUT     | LVCMOS25             |       |          |      |              |          |          |
+---------------------------------------------------------------------------------------------------------------------------------------------------------+

Section 7 - RPMs
----------------

Section 8 - Guide Report
------------------------
Guide not run on this design.

Section 9 - Area Group and Partition Summary
--------------------------------------------

Partition Implementation Status
-------------------------------

  No Partitions were found in this design.

-------------------------------

Area Group Information
----------------------

  No area groups were found in this design.

----------------------

Section 10 - Timing Report
--------------------------
This design was not run using timing mode.

Section 11 - Configuration String Details
-----------------------------------------
Use the "-detail" map option to print out Configuration Strings

Section 12 - Control Set Information
------------------------------------
No control set information for this architecture.

Section 13 - Utilization by Hierarchy
-------------------------------------
Use the "-detail" map option to print out the Utilization by Hierarchy section.
